[2024-08-05T16:38:47.941+0000] {local_task_job_runner.py:120} INFO - ::group::Pre task execution logs
[2024-08-05T16:38:47.990+0000] {taskinstance.py:2076} INFO - Dependencies all met for dep_context=non-requeueable deps ti=<TaskInstance: taskflow.task_b manual__2024-08-05T16:38:45.727528+00:00 [queued]>
[2024-08-05T16:38:48.006+0000] {taskinstance.py:2076} INFO - Dependencies all met for dep_context=requeueable deps ti=<TaskInstance: taskflow.task_b manual__2024-08-05T16:38:45.727528+00:00 [queued]>
[2024-08-05T16:38:48.007+0000] {taskinstance.py:2306} INFO - Starting attempt 1 of 1
[2024-08-05T16:38:48.026+0000] {taskinstance.py:2330} INFO - Executing <Task(_PythonDecoratedOperator): task_b> on 2024-08-05 16:38:45.727528+00:00
[2024-08-05T16:38:48.038+0000] {standard_task_runner.py:90} INFO - Running: ['***', 'tasks', 'run', 'taskflow', 'task_b', 'manual__2024-08-05T16:38:45.727528+00:00', '--job-id', '6', '--raw', '--subdir', 'DAGS_FOLDER/taskflow.py', '--cfg-path', '/tmp/tmpwhi18o0b']
[2024-08-05T16:38:48.041+0000] {standard_task_runner.py:91} INFO - Job 6: Subtask task_b
[2024-08-05T16:38:48.046+0000] {logging_mixin.py:188} WARNING - /home/***/.local/lib/python3.12/site-packages/***/task/task_runner/standard_task_runner.py:62 DeprecationWarning: This process (pid=743) is multi-threaded, use of fork() may lead to deadlocks in the child.
[2024-08-05T16:38:48.047+0000] {standard_task_runner.py:64} INFO - Started process 746 to run task
[2024-08-05T16:38:48.097+0000] {task_command.py:426} INFO - Running <TaskInstance: taskflow.task_b manual__2024-08-05T16:38:45.727528+00:00 [running]> on host b18830a18881
[2024-08-05T16:38:48.187+0000] {taskinstance.py:2648} INFO - Exporting env vars: AIRFLOW_CTX_DAG_OWNER='***' AIRFLOW_CTX_DAG_ID='taskflow' AIRFLOW_CTX_TASK_ID='task_b' AIRFLOW_CTX_EXECUTION_DATE='2024-08-05T16:38:45.727528+00:00' AIRFLOW_CTX_TRY_NUMBER='1' AIRFLOW_CTX_DAG_RUN_ID='manual__2024-08-05T16:38:45.727528+00:00'
[2024-08-05T16:38:48.188+0000] {taskinstance.py:430} INFO - ::endgroup::
[2024-08-05T16:38:48.190+0000] {logging_mixin.py:188} INFO - Task B
[2024-08-05T16:38:48.190+0000] {logging_mixin.py:188} INFO - 42
[2024-08-05T16:38:48.191+0000] {python.py:237} INFO - Done. Returned value was: None
[2024-08-05T16:38:48.191+0000] {taskinstance.py:441} INFO - ::group::Post task execution logs
[2024-08-05T16:38:48.199+0000] {taskinstance.py:1206} INFO - Marking task as SUCCESS. dag_id=taskflow, task_id=task_b, run_id=manual__2024-08-05T16:38:45.727528+00:00, execution_date=20240805T163845, start_date=20240805T163847, end_date=20240805T163848
[2024-08-05T16:38:48.221+0000] {local_task_job_runner.py:243} INFO - Task exited with return code 0
[2024-08-05T16:38:48.239+0000] {taskinstance.py:3503} INFO - 0 downstream tasks scheduled from follow-on schedule check
[2024-08-05T16:38:48.241+0000] {local_task_job_runner.py:222} INFO - ::endgroup::
