[2024-08-05T16:38:47.943+0000] {local_task_job_runner.py:120} INFO - ::group::Pre task execution logs
[2024-08-05T16:38:47.992+0000] {taskinstance.py:2076} INFO - Dependencies all met for dep_context=non-requeueable deps ti=<TaskInstance: taskflow.task_b scheduled__2024-08-04T00:00:00+00:00 [queued]>
[2024-08-05T16:38:48.007+0000] {taskinstance.py:2076} INFO - Dependencies all met for dep_context=requeueable deps ti=<TaskInstance: taskflow.task_b scheduled__2024-08-04T00:00:00+00:00 [queued]>
[2024-08-05T16:38:48.008+0000] {taskinstance.py:2306} INFO - Starting attempt 1 of 1
[2024-08-05T16:38:48.026+0000] {taskinstance.py:2330} INFO - Executing <Task(_PythonDecoratedOperator): task_b> on 2024-08-04 00:00:00+00:00
[2024-08-05T16:38:48.037+0000] {standard_task_runner.py:90} INFO - Running: ['***', 'tasks', 'run', 'taskflow', 'task_b', 'scheduled__2024-08-04T00:00:00+00:00', '--job-id', '5', '--raw', '--subdir', 'DAGS_FOLDER/taskflow.py', '--cfg-path', '/tmp/tmpw_561g9y']
[2024-08-05T16:38:48.041+0000] {standard_task_runner.py:91} INFO - Job 5: Subtask task_b
[2024-08-05T16:38:48.042+0000] {logging_mixin.py:188} WARNING - /home/***/.local/lib/python3.12/site-packages/***/task/task_runner/standard_task_runner.py:62 DeprecationWarning: This process (pid=744) is multi-threaded, use of fork() may lead to deadlocks in the child.
[2024-08-05T16:38:48.044+0000] {standard_task_runner.py:64} INFO - Started process 745 to run task
[2024-08-05T16:38:48.096+0000] {task_command.py:426} INFO - Running <TaskInstance: taskflow.task_b scheduled__2024-08-04T00:00:00+00:00 [running]> on host b18830a18881
[2024-08-05T16:38:48.179+0000] {taskinstance.py:2648} INFO - Exporting env vars: AIRFLOW_CTX_DAG_OWNER='***' AIRFLOW_CTX_DAG_ID='taskflow' AIRFLOW_CTX_TASK_ID='task_b' AIRFLOW_CTX_EXECUTION_DATE='2024-08-04T00:00:00+00:00' AIRFLOW_CTX_TRY_NUMBER='1' AIRFLOW_CTX_DAG_RUN_ID='scheduled__2024-08-04T00:00:00+00:00'
[2024-08-05T16:38:48.181+0000] {taskinstance.py:430} INFO - ::endgroup::
[2024-08-05T16:38:48.182+0000] {logging_mixin.py:188} INFO - Task B
[2024-08-05T16:38:48.182+0000] {logging_mixin.py:188} INFO - 42
[2024-08-05T16:38:48.183+0000] {python.py:237} INFO - Done. Returned value was: None
[2024-08-05T16:38:48.183+0000] {taskinstance.py:441} INFO - ::group::Post task execution logs
[2024-08-05T16:38:48.191+0000] {taskinstance.py:1206} INFO - Marking task as SUCCESS. dag_id=taskflow, task_id=task_b, run_id=scheduled__2024-08-04T00:00:00+00:00, execution_date=20240804T000000, start_date=20240805T163847, end_date=20240805T163848
[2024-08-05T16:38:48.219+0000] {local_task_job_runner.py:243} INFO - Task exited with return code 0
[2024-08-05T16:38:48.235+0000] {taskinstance.py:3503} INFO - 0 downstream tasks scheduled from follow-on schedule check
[2024-08-05T16:38:48.238+0000] {local_task_job_runner.py:222} INFO - ::endgroup::
