[2024-08-06T06:28:18.648+0000] {local_task_job_runner.py:120} INFO - ::group::Pre task execution logs
[2024-08-06T06:28:18.679+0000] {taskinstance.py:2076} INFO - Dependencies all met for dep_context=non-requeueable deps ti=<TaskInstance: stock_market.is_api_available scheduled__2024-08-05T00:00:00+00:00 [queued]>
[2024-08-06T06:28:18.688+0000] {taskinstance.py:2076} INFO - Dependencies all met for dep_context=requeueable deps ti=<TaskInstance: stock_market.is_api_available scheduled__2024-08-05T00:00:00+00:00 [queued]>
[2024-08-06T06:28:18.689+0000] {taskinstance.py:2306} INFO - Starting attempt 1 of 1
[2024-08-06T06:28:18.703+0000] {taskinstance.py:2330} INFO - Executing <Task(DecoratedSensorOperator): is_api_available> on 2024-08-05 00:00:00+00:00
[2024-08-06T06:28:18.709+0000] {standard_task_runner.py:90} INFO - Running: ['***', 'tasks', 'run', 'stock_market', 'is_api_available', 'scheduled__2024-08-05T00:00:00+00:00', '--job-id', '13', '--raw', '--subdir', 'DAGS_FOLDER/stock_market.py', '--cfg-path', '/tmp/tmp_mrbe5db']
[2024-08-06T06:28:18.712+0000] {standard_task_runner.py:91} INFO - Job 13: Subtask is_api_available
[2024-08-06T06:28:18.712+0000] {logging_mixin.py:188} WARNING - /home/***/.local/lib/python3.12/site-packages/***/task/task_runner/standard_task_runner.py:62 DeprecationWarning: This process (pid=258) is multi-threaded, use of fork() may lead to deadlocks in the child.
[2024-08-06T06:28:18.713+0000] {standard_task_runner.py:64} INFO - Started process 259 to run task
[2024-08-06T06:28:18.761+0000] {task_command.py:426} INFO - Running <TaskInstance: stock_market.is_api_available scheduled__2024-08-05T00:00:00+00:00 [running]> on host d7a942f5414e
[2024-08-06T06:28:18.831+0000] {taskinstance.py:2648} INFO - Exporting env vars: AIRFLOW_CTX_DAG_OWNER='***' AIRFLOW_CTX_DAG_ID='stock_market' AIRFLOW_CTX_TASK_ID='is_api_available' AIRFLOW_CTX_EXECUTION_DATE='2024-08-05T00:00:00+00:00' AIRFLOW_CTX_TRY_NUMBER='1' AIRFLOW_CTX_DAG_RUN_ID='scheduled__2024-08-05T00:00:00+00:00'
[2024-08-06T06:28:18.832+0000] {taskinstance.py:430} INFO - ::endgroup::
[2024-08-06T06:28:18.832+0000] {python.py:75} INFO - Poking callable: <function stock_market.<locals>.is_api_available at 0x7f63b0d51620>
[2024-08-06T06:28:18.842+0000] {base.py:84} INFO - Using connection ID 'stock_api' for task execution.
[2024-08-06T06:28:18.993+0000] {base.py:294} INFO - Success criteria met. Exiting.
[2024-08-06T06:28:18.994+0000] {taskinstance.py:441} INFO - ::group::Post task execution logs
[2024-08-06T06:28:19.014+0000] {taskinstance.py:1206} INFO - Marking task as SUCCESS. dag_id=stock_market, task_id=is_api_available, run_id=scheduled__2024-08-05T00:00:00+00:00, execution_date=20240805T000000, start_date=20240806T062818, end_date=20240806T062819
[2024-08-06T06:28:19.049+0000] {local_task_job_runner.py:243} INFO - Task exited with return code 0
[2024-08-06T06:28:19.062+0000] {taskinstance.py:3503} INFO - 0 downstream tasks scheduled from follow-on schedule check
[2024-08-06T06:28:19.064+0000] {local_task_job_runner.py:222} INFO - ::endgroup::
