[2024-08-08T04:00:34.124+0000] {local_task_job_runner.py:120} INFO - ::group::Pre task execution logs
[2024-08-08T04:00:34.173+0000] {taskinstance.py:2076} INFO - Dependencies all met for dep_context=non-requeueable deps ti=<TaskInstance: taskflow.task_b scheduled__2024-08-07T00:00:00+00:00 [queued]>
[2024-08-08T04:00:34.186+0000] {taskinstance.py:2076} INFO - Dependencies all met for dep_context=requeueable deps ti=<TaskInstance: taskflow.task_b scheduled__2024-08-07T00:00:00+00:00 [queued]>
[2024-08-08T04:00:34.187+0000] {taskinstance.py:2306} INFO - Starting attempt 1 of 1
[2024-08-08T04:00:34.206+0000] {taskinstance.py:2330} INFO - Executing <Task(_PythonDecoratedOperator): task_b> on 2024-08-07 00:00:00+00:00
[2024-08-08T04:00:34.219+0000] {logging_mixin.py:188} WARNING - /home/***/.local/lib/python3.12/site-packages/***/task/task_runner/standard_task_runner.py:62 DeprecationWarning: This process (pid=199) is multi-threaded, use of fork() may lead to deadlocks in the child.
[2024-08-08T04:00:34.223+0000] {standard_task_runner.py:64} INFO - Started process 200 to run task
[2024-08-08T04:00:34.226+0000] {standard_task_runner.py:90} INFO - Running: ['***', 'tasks', 'run', 'taskflow', 'task_b', 'scheduled__2024-08-07T00:00:00+00:00', '--job-id', '65', '--raw', '--subdir', 'DAGS_FOLDER/taskflow.py', '--cfg-path', '/tmp/tmp3j6g8d2g']
[2024-08-08T04:00:34.229+0000] {standard_task_runner.py:91} INFO - Job 65: Subtask task_b
[2024-08-08T04:00:34.283+0000] {task_command.py:426} INFO - Running <TaskInstance: taskflow.task_b scheduled__2024-08-07T00:00:00+00:00 [running]> on host 6d2a8cb6b074
[2024-08-08T04:00:34.386+0000] {taskinstance.py:2648} INFO - Exporting env vars: AIRFLOW_CTX_DAG_OWNER='***' AIRFLOW_CTX_DAG_ID='taskflow' AIRFLOW_CTX_TASK_ID='task_b' AIRFLOW_CTX_EXECUTION_DATE='2024-08-07T00:00:00+00:00' AIRFLOW_CTX_TRY_NUMBER='1' AIRFLOW_CTX_DAG_RUN_ID='scheduled__2024-08-07T00:00:00+00:00'
[2024-08-08T04:00:34.388+0000] {taskinstance.py:430} INFO - ::endgroup::
[2024-08-08T04:00:34.390+0000] {logging_mixin.py:188} INFO - Task B
[2024-08-08T04:00:34.390+0000] {logging_mixin.py:188} INFO - 42
[2024-08-08T04:00:34.391+0000] {python.py:237} INFO - Done. Returned value was: None
[2024-08-08T04:00:34.392+0000] {taskinstance.py:441} INFO - ::group::Post task execution logs
[2024-08-08T04:00:34.401+0000] {taskinstance.py:1206} INFO - Marking task as SUCCESS. dag_id=taskflow, task_id=task_b, run_id=scheduled__2024-08-07T00:00:00+00:00, execution_date=20240807T000000, start_date=20240808T040034, end_date=20240808T040034
[2024-08-08T04:00:34.439+0000] {local_task_job_runner.py:243} INFO - Task exited with return code 0
[2024-08-08T04:00:34.459+0000] {taskinstance.py:3503} INFO - 0 downstream tasks scheduled from follow-on schedule check
[2024-08-08T04:00:34.463+0000] {local_task_job_runner.py:222} INFO - ::endgroup::
