[2024-08-07T06:32:16.984+0000] {local_task_job_runner.py:120} INFO - ::group::Pre task execution logs
[2024-08-07T06:32:17.078+0000] {taskinstance.py:2076} INFO - Dependencies all met for dep_context=non-requeueable deps ti=<TaskInstance: taskflow.task_b scheduled__2024-08-06T00:00:00+00:00 [queued]>
[2024-08-07T06:32:17.106+0000] {taskinstance.py:2076} INFO - Dependencies all met for dep_context=requeueable deps ti=<TaskInstance: taskflow.task_b scheduled__2024-08-06T00:00:00+00:00 [queued]>
[2024-08-07T06:32:17.108+0000] {taskinstance.py:2306} INFO - Starting attempt 1 of 1
[2024-08-07T06:32:17.151+0000] {taskinstance.py:2330} INFO - Executing <Task(_PythonDecoratedOperator): task_b> on 2024-08-06 00:00:00+00:00
[2024-08-07T06:32:17.188+0000] {logging_mixin.py:188} WARNING - /home/***/.local/lib/python3.12/site-packages/***/task/task_runner/standard_task_runner.py:62 DeprecationWarning: This process (pid=17402) is multi-threaded, use of fork() may lead to deadlocks in the child.
[2024-08-07T06:32:17.191+0000] {standard_task_runner.py:64} INFO - Started process 17403 to run task
[2024-08-07T06:32:17.191+0000] {standard_task_runner.py:90} INFO - Running: ['***', 'tasks', 'run', 'taskflow', 'task_b', 'scheduled__2024-08-06T00:00:00+00:00', '--job-id', '18', '--raw', '--subdir', 'DAGS_FOLDER/taskflow.py', '--cfg-path', '/tmp/tmpag544jzt']
[2024-08-07T06:32:17.217+0000] {standard_task_runner.py:91} INFO - Job 18: Subtask task_b
[2024-08-07T06:32:17.451+0000] {task_command.py:426} INFO - Running <TaskInstance: taskflow.task_b scheduled__2024-08-06T00:00:00+00:00 [running]> on host 8beb57016feb
[2024-08-07T06:32:18.090+0000] {taskinstance.py:2648} INFO - Exporting env vars: AIRFLOW_CTX_DAG_OWNER='***' AIRFLOW_CTX_DAG_ID='taskflow' AIRFLOW_CTX_TASK_ID='task_b' AIRFLOW_CTX_EXECUTION_DATE='2024-08-06T00:00:00+00:00' AIRFLOW_CTX_TRY_NUMBER='1' AIRFLOW_CTX_DAG_RUN_ID='scheduled__2024-08-06T00:00:00+00:00'
[2024-08-07T06:32:18.094+0000] {taskinstance.py:430} INFO - ::endgroup::
[2024-08-07T06:32:18.101+0000] {logging_mixin.py:188} INFO - Task B
[2024-08-07T06:32:18.105+0000] {logging_mixin.py:188} INFO - 42
[2024-08-07T06:32:18.117+0000] {python.py:237} INFO - Done. Returned value was: None
[2024-08-07T06:32:18.128+0000] {taskinstance.py:441} INFO - ::group::Post task execution logs
[2024-08-07T06:32:18.156+0000] {taskinstance.py:1206} INFO - Marking task as SUCCESS. dag_id=taskflow, task_id=task_b, run_id=scheduled__2024-08-06T00:00:00+00:00, execution_date=20240806T000000, start_date=20240807T063217, end_date=20240807T063218
[2024-08-07T06:32:18.282+0000] {local_task_job_runner.py:243} INFO - Task exited with return code 0
[2024-08-07T06:32:18.354+0000] {taskinstance.py:3503} INFO - 0 downstream tasks scheduled from follow-on schedule check
[2024-08-07T06:32:18.366+0000] {local_task_job_runner.py:222} INFO - ::endgroup::
